<?xml version="1.0" encoding="UTF-8"?>
<testng-results ignored="0" total="1" passed="1" failed="0" skipped="0">
  <reporter-output>
  </reporter-output>
  <suite started-at="2020-06-23T18:27:36 IST" name="Default suite" finished-at="2020-06-23T18:27:36 IST" duration-ms="95">
    <groups>
    </groups>
    <test started-at="2020-06-23T18:27:36 IST" name="Default test" finished-at="2020-06-23T18:27:36 IST" duration-ms="95">
      <class name="practice_package.Class_Practice">
        <test-method signature="test1()[pri:0, instance:practice_package.Class_Practice@7ff95560]" started-at="2020-06-23T18:27:36 IST" name="test1" finished-at="2020-06-23T18:27:36 IST" duration-ms="17" status="PASS">
          <reporter-output>
          </reporter-output>
        </test-method> <!-- test1 -->
      </class> <!-- practice_package.Class_Practice -->
    </test> <!-- Default test -->
  </suite> <!-- Default suite -->
</testng-results>
